0 verbose cli C:\Program Files\nodejs\node.exe C:\Program Files\nodejs\node_modules\npm\bin\npm-cli.js
1 info using npm@11.11.0
2 info using node@v24.14.1
3 silly config load:file:C:\Program Files\nodejs\node_modules\npm\npmrc
4 silly config load:file:C:\Users\tecbu\Downloads\SCHOOL1\SCHOOL\.npmrc
5 silly config load:file:C:\Users\tecbu\.npmrc
6 silly config load:file:C:\Users\tecbu\AppData\Roaming\npm\etc\npmrc
7 verbose title npm install
8 verbose argv "install" "--ignore-scripts" "--cache" ".\\.npm-cache"
9 verbose logfile logs-max:10 dir:C:\Users\tecbu\Downloads\SCHOOL1\SCHOOL\.npm-cache\_logs\2026-04-30T16_16_01_757Z-
10 verbose logfile C:\Users\tecbu\Downloads\SCHOOL1\SCHOOL\.npm-cache\_logs\2026-04-30T16_16_01_757Z-debug-0.log
11 silly logfile done cleaning log files
12 silly packumentCache heap:2348810240 maxSize:587202560 maxEntrySize:293601280
13 silly idealTree buildDeps
14 silly fetch manifest ajv@^6.14.0
15 silly packumentCache full:https://registry.npmjs.org/ajv cache-miss
16 http fetch GET 200 https://registry.npmjs.org/ajv 278ms (cache miss)
17 silly packumentCache full:https://registry.npmjs.org/ajv set size:undefined disposed:false
18 silly placeDep node_modules/@eslint/eslintrc ajv@6.15.0 OK for: @eslint/eslintrc@3.3.5 want: ^6.14.0
19 silly fetch manifest uri-js@^4.2.2
20 silly packumentCache full:https://registry.npmjs.org/uri-js cache-miss
21 silly fetch manifest json-schema-traverse@^0.4.1
22 silly packumentCache full:https://registry.npmjs.org/json-schema-traverse cache-miss
23 silly fetch manifest fast-json-stable-stringify@^2.0.0
24 silly packumentCache full:https://registry.npmjs.org/fast-json-stable-stringify cache-miss
25 http fetch GET 200 https://registry.npmjs.org/npm 655ms
26 http fetch GET 200 https://registry.npmjs.org/json-schema-traverse 71ms (cache miss)
27 silly packumentCache full:https://registry.npmjs.org/json-schema-traverse set size:undefined disposed:false
28 http fetch GET 200 https://registry.npmjs.org/uri-js 78ms (cache miss)
29 silly packumentCache full:https://registry.npmjs.org/uri-js set size:undefined disposed:false
30 http fetch GET 200 https://registry.npmjs.org/fast-json-stable-stringify 181ms (cache miss)
31 silly packumentCache full:https://registry.npmjs.org/fast-json-stable-stringify set size:undefined disposed:false
32 silly fetch manifest undici@^6.24.0
33 silly packumentCache full:https://registry.npmjs.org/undici cache-miss
34 http fetch GET 200 https://registry.npmjs.org/undici 98ms (cache miss)
35 silly packumentCache full:https://registry.npmjs.org/undici set size:undefined disposed:false
36 silly placeDep ROOT undici@6.25.0 KEEP for: @vercel/sandbox@1.9.0 want: ^6.24.0
37 silly placeDep node_modules/@vercel/static-config ajv@6.15.0 OK for: @vercel/static-config@3.2.0 want: ^6.14.0
38 silly placeDep node_modules/eslint ajv@6.15.0 OK for: eslint@9.39.4 want: ^6.14.0
39 silly placeDep ROOT fast-json-stable-stringify@2.1.0 OK for: ajv@6.15.0 want: ^2.0.0
40 silly placeDep node_modules/@eslint/eslintrc json-schema-traverse@0.4.1 OK for: ajv@6.15.0 want: ^0.4.1
41 silly placeDep ROOT uri-js@4.4.1 OK for: ajv@6.15.0 want: ^4.2.2
42 silly fetch manifest punycode@^2.1.0
43 silly packumentCache full:https://registry.npmjs.org/punycode cache-miss
44 http fetch GET 200 https://registry.npmjs.org/punycode 51ms (cache miss)
45 silly packumentCache full:https://registry.npmjs.org/punycode set size:undefined disposed:false
46 silly placeDep ROOT punycode@2.3.1 OK for: uri-js@4.4.1 want: ^2.1.0
47 silly placeDep node_modules/@vercel/static-config json-schema-traverse@0.4.1 OK for: ajv@6.15.0 want: ^0.4.1
48 silly placeDep node_modules/eslint json-schema-traverse@0.4.1 OK for: ajv@6.15.0 want: ^0.4.1
49 silly reify mark retired [ 'C:\\Users\\tecbu\\Downloads\\SCHOOL1\\SCHOOL\\node_modules\\ajv' ]
50 silly reify mark retired [
50 silly reify   'C:\\Users\\tecbu\\Downloads\\SCHOOL1\\SCHOOL\\node_modules\\fast-uri'
50 silly reify ]
51 silly reify mark retired [
51 silly reify   'C:\\Users\\tecbu\\Downloads\\SCHOOL1\\SCHOOL\\node_modules\\json-schema-traverse'
51 silly reify ]
52 silly reify mark retired [
52 silly reify   'C:\\Users\\tecbu\\Downloads\\SCHOOL1\\SCHOOL\\node_modules\\require-from-string'
52 silly reify ]
53 silly reify moves {
53 silly reify   'C:\\Users\\tecbu\\Downloads\\SCHOOL1\\SCHOOL\\node_modules\\ajv': 'C:\\Users\\tecbu\\Downloads\\SCHOOL1\\SCHOOL\\node_modules\\.ajv-KIVVcUtm',
53 silly reify   'C:\\Users\\tecbu\\Downloads\\SCHOOL1\\SCHOOL\\node_modules\\fast-uri': 'C:\\Users\\tecbu\\Downloads\\SCHOOL1\\SCHOOL\\node_modules\\.fast-uri-n1w8NO28',
53 silly reify   'C:\\Users\\tecbu\\Downloads\\SCHOOL1\\SCHOOL\\node_modules\\json-schema-traverse': 'C:\\Users\\tecbu\\Downloads\\SCHOOL1\\SCHOOL\\node_modules\\.json-schema-traverse-AkoAtka8',
53 silly reify   'C:\\Users\\tecbu\\Downloads\\SCHOOL1\\SCHOOL\\node_modules\\require-from-string': 'C:\\Users\\tecbu\\Downloads\\SCHOOL1\\SCHOOL\\node_modules\\.require-from-string-hDuosD2W'
53 silly reify }
54 silly audit bulk request {
54 silly audit   '@babel/code-frame': [ '7.29.0' ],
54 silly audit   '@babel/compat-data': [ '7.29.0' ],
54 silly audit   '@babel/core': [ '7.29.0' ],
54 silly audit   '@babel/generator': [ '7.29.1' ],
54 silly audit   '@babel/helper-compilation-targets': [ '7.28.6' ],
54 silly audit   '@babel/helper-globals': [ '7.28.0' ],
54 silly audit   '@babel/helper-module-imports': [ '7.28.6' ],
54 silly audit   '@babel/helper-module-transforms': [ '7.28.6' ],
54 silly audit   '@babel/helper-string-parser': [ '7.27.1' ],
54 silly audit   '@babel/helper-validator-identifier': [ '7.28.5' ],
54 silly audit   '@babel/helper-validator-option': [ '7.27.1' ],
54 silly audit   '@babel/helpers': [ '7.29.2' ],
54 silly audit   '@babel/parser': [ '7.29.2' ],
54 silly audit   '@babel/template': [ '7.28.6' ],
54 silly audit   '@babel/traverse': [ '7.29.0' ],
54 silly audit   '@babel/types': [ '7.29.0' ],
54 silly audit   '@bytecodealliance/preview2-shim': [ '0.17.6' ],
54 silly audit   '@edge-runtime/format': [ '2.2.1' ],
54 silly audit   '@edge-runtime/node-utils': [ '2.3.0' ],
54 silly audit   '@edge-runtime/ponyfill': [ '2.4.2' ],
54 silly audit   '@edge-runtime/primitives': [ '4.1.0' ],
54 silly audit   '@edge-runtime/vm': [ '3.2.0' ],
54 silly audit   '@emnapi/core': [ '1.10.0' ],
54 silly audit   '@emnapi/runtime': [ '1.10.0' ],
54 silly audit   '@emnapi/wasi-threads': [ '1.2.1' ],
54 silly audit   '@esbuild/aix-ppc64': [ '0.27.0' ],
54 silly audit   '@esbuild/android-arm': [ '0.27.0' ],
54 silly audit   '@esbuild/android-arm64': [ '0.27.0' ],
54 silly audit   '@esbuild/android-x64': [ '0.27.0' ],
54 silly audit   '@esbuild/darwin-arm64': [ '0.27.0' ],
54 silly audit   '@esbuild/darwin-x64': [ '0.27.0' ],
54 silly audit   '@esbuild/freebsd-arm64': [ '0.27.0' ],
54 silly audit   '@esbuild/freebsd-x64': [ '0.27.0' ],
54 silly audit   '@esbuild/linux-arm': [ '0.27.0' ],
54 silly audit   '@esbuild/linux-arm64': [ '0.27.0' ],
54 silly audit   '@esbuild/linux-ia32': [ '0.27.0' ],
54 silly audit   '@esbuild/linux-loong64': [ '0.27.0' ],
54 silly audit   '@esbuild/linux-mips64el': [ '0.27.0' ],
54 silly audit   '@esbuild/linux-ppc64': [ '0.27.0' ],
54 silly audit   '@esbuild/linux-riscv64': [ '0.27.0' ],
54 silly audit   '@esbuild/linux-s390x': [ '0.27.0' ],
54 silly audit   '@esbuild/linux-x64': [ '0.27.0' ],
54 silly audit   '@esbuild/netbsd-arm64': [ '0.27.0' ],
54 silly audit   '@esbuild/netbsd-x64': [ '0.27.0' ],
54 silly audit   '@esbuild/openbsd-arm64': [ '0.27.0' ],
54 silly audit   '@esbuild/openbsd-x64': [ '0.27.0' ],
54 silly audit   '@esbuild/openharmony-arm64': [ '0.27.0' ],
54 silly audit   '@esbuild/sunos-x64': [ '0.27.0' ],
54 silly audit   '@esbuild/win32-arm64': [ '0.27.0' ],
54 silly audit   '@esbuild/win32-ia32': [ '0.27.0' ],
54 silly audit   '@esbuild/win32-x64': [ '0.27.0' ],
54 silly audit   '@eslint-community/eslint-utils': [ '4.9.1' ],
54 silly audit   'eslint-visitor-keys': [ '3.4.3', '5.0.1', '4.2.1' ],
54 silly audit   '@eslint-community/regexpp': [ '4.12.2' ],
54 silly audit   '@eslint/config-array': [ '0.21.2' ],
54 silly audit   '@eslint/config-helpers': [ '0.4.2' ],
54 silly audit   '@eslint/core': [ '0.17.0' ],
54 silly audit   '@eslint/eslintrc': [ '3.3.5' ],
54 silly audit   globals: [ '14.0.0', '16.4.0' ],
54 silly audit   '@eslint/js': [ '9.39.4' ],
54 silly audit   '@eslint/object-schema': [ '2.1.7' ],
54 silly audit   '@eslint/plugin-kit': [ '0.4.1' ],
54 silly audit   '@google/generative-ai': [ '0.24.1' ],
54 silly audit   '@humanfs/core': [ '0.19.2' ],
54 silly audit   '@humanfs/node': [ '0.16.8' ],
54 silly audit   '@humanfs/types': [ '0.15.0' ],
54 silly audit   '@humanwhocodes/module-importer': [ '1.0.1' ],
54 silly audit   '@humanwhocodes/retry': [ '0.4.3' ],
54 silly audit   '@img/colour': [ '1.1.0' ],
54 silly audit   '@img/sharp-darwin-arm64': [ '0.34.5' ],
54 silly audit   '@img/sharp-darwin-x64': [ '0.34.5' ],
54 silly audit   '@img/sharp-libvips-darwin-arm64': [ '1.2.4' ],
54 silly audit   '@img/sharp-libvips-darwin-x64': [ '1.2.4' ],
54 silly audit   '@img/sharp-libvips-linux-arm': [ '1.2.4' ],
54 silly audit   '@img/sharp-libvips-linux-arm64': [ '1.2.4' ],
54 silly audit   '@img/sharp-libvips-linux-ppc64': [ '1.2.4' ],
54 silly audit   '@img/sharp-libvips-linux-riscv64': [ '1.2.4' ],
54 silly audit   '@img/sharp-libvips-linux-s390x': [ '1.2.4' ],
54 silly audit   '@img/sharp-libvips-linux-x64': [ '1.2.4' ],
54 silly audit   '@img/sharp-libvips-linuxmusl-arm64': [ '1.2.4' ],
54 silly audit   '@img/sharp-libvips-linuxmusl-x64': [ '1.2.4' ],
54 silly audit   '@img/sharp-linux-arm': [ '0.34.5' ],
54 silly audit   '@img/sharp-linux-arm64': [ '0.34.5' ],
54 silly audit   '@img/sharp-linux-ppc64': [ '0.34.5' ],
54 silly audit   '@img/sharp-linux-riscv64': [ '0.34.5' ],
54 silly audit   '@img/sharp-linux-s390x': [ '0.34.5' ],
54 silly audit   '@img/sharp-linux-x64': [ '0.34.5' ],
54 silly audit   '@img/sharp-linuxmusl-arm64': [ '0.34.5' ],
54 silly audit   '@img/sharp-linuxmusl-x64': [ '0.34.5' ],
54 silly audit   '@img/sharp-wasm32': [ '0.34.5' ],
54 silly audit   '@img/sharp-win32-arm64': [ '0.34.5' ],
54 silly audit   '@img/sharp-win32-ia32': [ '0.34.5' ],
54 silly audit   '@img/sharp-win32-x64': [ '0.34.5' ],
54 silly audit   '@isaacs/fs-minipass': [ '4.0.1' ],
54 silly audit   '@jridgewell/gen-mapping': [ '0.3.13' ],
54 silly audit   '@jridgewell/remapping': [ '2.3.5' ],
54 silly audit   '@jridgewell/resolve-uri': [ '3.1.2' ],
54 silly audit   '@jridgewell/sourcemap-codec': [ '1.5.5' ],
54 silly audit   '@jridgewell/trace-mapping': [ '0.3.31' ],
54 silly audit   '@kurkle/color': [ '0.3.4' ],
54 silly audit   '@mapbox/node-pre-gyp': [ '2.0.3' ],
54 silly audit   semver: [ '7.7.4', '7.5.4', '6.3.1' ],
54 silly audit   '@napi-rs/wasm-runtime': [ '1.1.4', '0.2.12' ],
54 silly audit   '@next/env': [ '16.2.4' ],
54 silly audit   '@next/eslint-plugin-next': [ '16.2.4' ],
54 silly audit   '@next/swc-darwin-arm64': [ '16.2.4' ],
54 silly audit   '@next/swc-darwin-x64': [ '16.2.4' ],
54 silly audit   '@next/swc-linux-arm64-gnu': [ '16.2.4' ],
54 silly audit   '@next/swc-linux-arm64-musl': [ '16.2.4' ],
54 silly audit   '@next/swc-linux-x64-gnu': [ '16.2.4' ],
54 silly audit   '@next/swc-linux-x64-musl': [ '16.2.4' ],
54 silly audit   '@next/swc-win32-arm64-msvc': [ '16.2.4' ],
54 silly audit   '@next/swc-win32-x64-msvc': [ '16.2.4' ],
54 silly audit   '@nodelib/fs.scandir': [ '2.1.5' ],
54 silly audit   '@nodelib/fs.stat': [ '2.0.5' ],
54 silly audit   '@nodelib/fs.walk': [ '1.2.8' ],
54 silly audit   '@nolyfill/is-core-module': [ '1.0.39' ],
54 silly audit   '@oxc-project/types': [ '0.110.0' ],
54 silly audit   '@oxc-transform/binding-android-arm-eabi': [ '0.111.0' ],
54 silly audit   '@oxc-transform/binding-android-arm64': [ '0.111.0' ],
54 silly audit   '@oxc-transform/binding-darwin-arm64': [ '0.111.0' ],
54 silly audit   '@oxc-transform/binding-darwin-x64': [ '0.111.0' ],
54 silly audit   '@oxc-transform/binding-freebsd-x64': [ '0.111.0' ],
54 silly audit   '@oxc-transform/binding-linux-arm-gnueabihf': [ '0.111.0' ],
54 silly audit   '@oxc-transform/binding-linux-arm-musleabihf': [ '0.111.0' ],
54 silly audit   '@oxc-transform/binding-linux-arm64-gnu': [ '0.111.0' ],
54 silly audit   '@oxc-transform/binding-linux-arm64-musl': [ '0.111.0' ],
54 silly audit   '@oxc-transform/binding-linux-ppc64-gnu': [ '0.111.0' ],
54 silly audit   '@oxc-transform/binding-linux-riscv64-gnu': [ '0.111.0' ],
54 silly audit   '@oxc-transform/binding-linux-riscv64-musl': [ '0.111.0' ],
54 silly audit   '@oxc-transform/binding-linux-s390x-gnu': [ '0.111.0' ],
54 silly audit   '@oxc-transform/binding-linux-x64-gnu': [ '0.111.0' ],
54 silly audit   '@oxc-transform/binding-linux-x64-musl': [ '0.111.0' ],
54 silly audit   '@oxc-transform/binding-openharmony-arm64': [ '0.111.0' ],
54 silly audit   '@oxc-transform/binding-wasm32-wasi': [ '0.111.0' ],
54 silly audit   '@oxc-transform/binding-win32-arm64-msvc': [ '0.111.0' ],
54 silly audit   '@oxc-transform/binding-win32-ia32-msvc': [ '0.111.0' ],
54 silly audit   '@oxc-transform/binding-win32-x64-msvc': [ '0.111.0' ],
54 silly audit   '@reduxjs/toolkit': [ '2.11.2' ],
54 silly audit   immer: [ '11.1.4', '10.2.0' ],
54 silly audit   '@renovatebot/pep440': [ '4.2.1' ],
54 silly audit   '@rolldown/binding-android-arm64': [ '1.0.0-rc.1' ],
54 silly audit   '@rolldown/binding-darwin-arm64': [ '1.0.0-rc.1' ],
54 silly audit   '@rolldown/binding-darwin-x64': [ '1.0.0-rc.1' ],
54 silly audit   '@rolldown/binding-freebsd-x64': [ '1.0.0-rc.1' ],
54 silly audit   '@rolldown/binding-linux-arm-gnueabihf': [ '1.0.0-rc.1' ],
54 silly audit   '@rolldown/binding-linux-arm64-gnu': [ '1.0.0-rc.1' ],
54 silly audit   '@rolldown/binding-linux-arm64-musl': [ '1.0.0-rc.1' ],
54 silly audit   '@rolldown/binding-linux-x64-gnu': [ '1.0.0-rc.1' ],
54 silly audit   '@rolldown/binding-linux-x64-musl': [ '1.0.0-rc.1' ],
54 silly audit   '@rolldown/binding-openharmony-arm64': [ '1.0.0-rc.1' ],
54 silly audit   '@rolldown/binding-wasm32-wasi': [ '1.0.0-rc.1' ],
54 silly audit   '@rolldown/binding-win32-arm64-msvc': [ '1.0.0-rc.1' ],
54 silly audit   '@rolldown/binding-win32-x64-msvc': [ '1.0.0-rc.1' ],
54 silly audit   '@rolldown/pluginutils': [ '1.0.0-rc.1' ],
54 silly audit   '@rollup/pluginutils': [ '5.3.0' ],
54 silly audit   picomatch: [ '4.0.4', '2.3.2' ],
54 silly audit   '@rtsao/scc': [ '1.1.0' ],
54 silly audit   '@sinclair/typebox': [ '0.25.24' ],
54 silly audit   '@standard-schema/spec': [ '1.1.0' ],
54 silly audit   '@standard-schema/utils': [ '0.3.0' ],
54 silly audit   '@supabase/auth-js': [ '2.105.1' ],
54 silly audit   '@supabase/functions-js': [ '2.105.1' ],
54 silly audit   '@supabase/phoenix': [ '0.4.1' ],
54 silly audit   '@supabase/postgrest-js': [ '2.105.1' ],
54 silly audit   '@supabase/realtime-js': [ '2.105.1' ],
54 silly audit   '@supabase/ssr': [ '0.10.2' ],
54 silly audit   '@supabase/storage-js': [ '2.105.1' ],
54 silly audit   '@supabase/supabase-js': [ '2.105.1' ],
54 silly audit   '@swc/helpers': [ '0.5.15' ],
54 silly audit   '@tootallnate/once': [ '3.0.1' ],
54 silly audit   '@tootallnate/quickjs-emscripten': [ '0.23.0' ],
54 silly audit   '@ts-morph/common': [ '0.11.1' ],
54 silly audit   '@tybys/wasm-util': [ '0.10.1' ],
54 silly audit   '@types/d3-array': [ '3.2.2' ],
54 silly audit   '@types/d3-color': [ '3.1.3' ],
54 silly audit   '@types/d3-ease': [ '3.0.2' ],
54 silly audit   '@types/d3-interpolate': [ '3.0.4' ],
54 silly audit   '@types/d3-path': [ '3.1.1' ],
54 silly audit   '@types/d3-scale': [ '4.0.9' ],
54 silly audit   '@types/d3-shape': [ '3.1.8' ],
54 silly audit   '@types/d3-time': [ '3.0.4' ],
54 silly audit   '@types/d3-timer': [ '3.0.2' ],
54 silly audit   '@types/estree': [ '1.0.8' ],
54 silly audit   '@types/json-schema': [ '7.0.15' ],
54 silly audit   '@types/json5': [ '0.0.29' ],
54 silly audit   '@types/jsonwebtoken': [ '9.0.10' ],
54 silly audit   '@types/ms': [ '2.1.0' ],
54 silly audit   '@types/node': [ '25.6.0', '20.11.0' ],
54 silly audit   '@types/react': [ '19.2.14' ],
54 silly audit   '@types/react-dom': [ '19.2.3' ],
54 silly audit   '@types/use-sync-external-store': [ '0.0.6' ],
54 silly audit   '@types/uuid': [ '10.0.0' ],
54 silly audit   '@types/ws': [ '8.18.1' ],
54 silly audit   '@typescript-eslint/eslint-plugin': [ '8.59.1' ],
54 silly audit   ignore: [ '7.0.5', '5.3.2' ],
54 silly audit   '@typescript-eslint/parser': [ '8.59.1' ],
54 silly audit   '@typescript-eslint/project-service': [ '8.59.1' ],
54 silly audit   '@typescript-eslint/scope-manager': [ '8.59.1' ],
54 silly audit   '@typescript-eslint/tsconfig-utils': [ '8.59.1' ],
54 silly audit   '@typescript-eslint/type-utils': [ '8.59.1' ],
54 silly audit   '@typescript-eslint/types': [ '8.59.1' ],
54 silly audit   '@typescript-eslint/typescript-estree': [ '8.59.1' ],
54 silly audit   '@typescript-eslint/utils': [ '8.59.1' ],
54 silly audit   '@typescript-eslint/visitor-keys': [ '8.59.1' ],
54 silly audit   '@unrs/resolver-binding-android-arm-eabi': [ '1.11.1' ],
54 silly audit   '@unrs/resolver-binding-android-arm64': [ '1.11.1' ],
54 silly audit   '@unrs/resolver-binding-darwin-arm64': [ '1.11.1' ],
54 silly audit   '@unrs/resolver-binding-darwin-x64': [ '1.11.1' ],
54 silly audit   '@unrs/resolver-binding-freebsd-x64': [ '1.11.1' ],
54 silly audit   '@unrs/resolver-binding-linux-arm-gnueabihf': [ '1.11.1' ],
54 silly audit   '@unrs/resolver-binding-linux-arm-musleabihf': [ '1.11.1' ],
54 silly audit   '@unrs/resolver-binding-linux-arm64-gnu': [ '1.11.1' ],
54 silly audit   '@unrs/resolver-binding-linux-arm64-musl': [ '1.11.1' ],
54 silly audit   '@unrs/resolver-binding-linux-ppc64-gnu': [ '1.11.1' ],
54 silly audit   '@unrs/resolver-binding-linux-riscv64-gnu': [ '1.11.1' ],
54 silly audit   '@unrs/resolver-binding-linux-riscv64-musl': [ '1.11.1' ],
54 silly audit   '@unrs/resolver-binding-linux-s390x-gnu': [ '1.11.1' ],
54 silly audit   '@unrs/resolver-binding-linux-x64-gnu': [ '1.11.1' ],
54 silly audit   '@unrs/resolver-binding-linux-x64-musl': [ '1.11.1' ],
54 silly audit   '@unrs/resolver-binding-wasm32-wasi': [ '1.11.1' ],
54 silly audit   '@unrs/resolver-binding-win32-arm64-msvc': [ '1.11.1' ],
54 silly audit   '@unrs/resolver-binding-win32-ia32-msvc': [ '1.11.1' ],
54 silly audit   '@unrs/resolver-binding-win32-x64-msvc': [ '1.11.1' ],
54 silly audit   '@vercel/blob': [ '2.3.0' ],
54 silly audit   '@vercel/build-utils': [ '13.20.0' ],
54 silly audit   '@vercel/detect-agent': [ '1.2.3' ],
54 silly audit   '@vercel/elysia': [ '0.1.71' ],
54 silly audit   '@vercel/error-utils': [ '2.0.3' ],
54 silly audit   '@vercel/express': [ '0.1.81' ],
54 silly audit   '@vercel/backends': [ '0.2.0' ],
54 silly audit   '@vercel/cervel': [ '0.0.55' ],
54 silly audit   argparse: [ '1.0.10', '2.0.1' ],
54 silly audit   execa: [ '3.2.0', '5.1.1' ],
54 silly audit   'get-stream': [ '5.2.0', '6.0.1' ],
54 silly audit   'human-signals': [ '1.1.1', '2.1.0' ],
54 silly audit   'js-yaml': [ '3.14.2', '4.1.1' ],
54 silly audit   'path-to-regexp': [ '6.3.0' ],
54 silly audit   'signal-exit': [ '3.0.7', '4.0.2' ],
54 silly audit   typescript: [ '5.9.3', '6.0.3' ],
54 silly audit   zod: [ '3.22.4', '3.24.4', '4.3.6' ],
54 silly audit   '@vercel/fastify': [ '0.1.74' ],
54 silly audit   '@vercel/fun': [ '1.3.0' ],
54 silly audit   debug: [ '4.3.4', '4.4.3', '3.2.7' ],
54 silly audit   ms: [ '2.1.2', '2.1.1', '2.1.3' ],
54 silly audit   'lru-cache': [ '6.0.0', '5.1.1', '11.3.5', '7.18.3' ],
54 silly audit   yallist: [ '4.0.0', '5.0.0', '3.1.1' ],
54 silly audit   '@vercel/gatsby-plugin-vercel-analytics': [ '1.0.11' ],
54 silly audit   '@vercel/gatsby-plugin-vercel-builder': [ '2.1.21' ],
54 silly audit   '@vercel/go': [ '3.5.0' ],
54 silly audit   '@vercel/h3': [ '0.1.80' ],
54 silly audit   '@vercel/hono': [ '0.2.74' ],
54 silly audit   '@vercel/hydrogen': [ '1.3.6' ],
54 silly audit   '@vercel/koa': [ '0.1.54' ],
54 silly audit   '@vercel/nestjs': [ '0.2.75' ],
54 silly audit   '@vercel/next': [ '4.16.8' ],
54 silly audit   '@vercel/nft': [ '1.5.0' ],
54 silly audit   '@vercel/node': [ '5.7.13' ],
54 silly audit   'async-listen': [ '3.0.0', '1.2.0', '3.0.1' ],
54 silly audit   'es-module-lexer': [ '1.4.1', '1.5.0' ],
54 silly audit   'node-fetch': [ '2.6.9', '2.6.7' ],
54 silly audit   'undici-types': [ '5.26.5', '7.19.2' ],
54 silly audit   '@vercel/oidc': [ '3.2.0' ],
54 silly audit   '@vercel/prepare-flags-definitions': [ '0.2.1' ],
54 silly audit   '@vercel/python': [ '6.36.0' ],
54 silly audit   '@vercel/python-analysis': [ '0.11.0' ],
54 silly audit   'fs-extra': [ '11.1.1', '11.1.0' ],
54 silly audit   '@vercel/redwood': [ '2.4.12' ],
54 silly audit   '@vercel/remix-builder': [ '5.7.2' ],
54 silly audit   '@vercel/ruby': [ '2.3.2' ],
54 silly audit   '@vercel/rust': [ '1.1.1' ],
54 silly audit   '@vercel/sandbox': [ '1.9.0' ],
54 silly audit   undici: [ '7.25.0', '6.25.0' ],
54 silly audit   '@vercel/static-build': [ '2.9.21' ],
54 silly audit   '@vercel/static-config': [ '3.2.0' ],
54 silly audit   '@yarnpkg/parsers': [ '3.0.3' ],
54 silly audit   abbrev: [ '3.0.1' ],
54 silly audit   acorn: [ '8.16.0' ],
54 silly audit   'acorn-import-attributes': [ '1.9.5' ],
54 silly audit   'acorn-jsx': [ '5.3.2' ],
54 silly audit   'agent-base': [ '7.1.4' ],
54 silly audit   ajv: [ '6.15.0' ],
54 silly audit   'ansi-styles': [ '4.3.0' ],
54 silly audit   'any-promise': [ '1.3.0' ],
54 silly audit   arg: [ '4.1.0' ],
54 silly audit   'aria-query': [ '5.3.2' ],
54 silly audit   'array-buffer-byte-length': [ '1.0.2' ],
54 silly audit   'array-includes': [ '3.1.9' ],
54 silly audit   'array.prototype.findlast': [ '1.2.5' ],
54 silly audit   'array.prototype.findlastindex': [ '1.2.6' ],
54 silly audit   'array.prototype.flat': [ '1.3.3' ],
54 silly audit   'array.prototype.flatmap': [ '1.3.3' ],
54 silly audit   'array.prototype.tosorted': [ '1.1.4' ],
54 silly audit   'arraybuffer.prototype.slice': [ '1.0.4' ],
54 silly audit   'ast-types': [ '0.13.4' ],
54 silly audit   'ast-types-flow': [ '0.0.8' ],
54 silly audit   'async-function': [ '1.0.0' ],
54 silly audit   'async-retry': [ '1.3.3' ],
54 silly audit   'async-sema': [ '3.1.1' ],
54 silly audit   asynckit: [ '0.4.0' ],
54 silly audit   'available-typed-arrays': [ '1.0.7' ],
54 silly audit   'axe-core': [ '4.11.3' ],
54 silly audit   'axobject-query': [ '4.1.0' ],
54 silly audit   b4a: [ '1.8.0' ],
54 silly audit   'balanced-match': [ '4.0.4' ],
54 silly audit   'bare-events': [ '2.8.2' ],
54 silly audit   'baseline-browser-mapping': [ '2.10.23' ],
54 silly audit   'basic-ftp': [ '5.3.1' ],
54 silly audit   bindings: [ '1.5.0' ],
54 silly audit   'brace-expansion': [ '5.0.5' ],
54 silly audit   braces: [ '3.0.3' ],
54 silly audit   browserslist: [ '4.28.2' ],
54 silly audit   'buffer-crc32': [ '0.2.13' ],
54 silly audit   'buffer-equal-constant-time': [ '1.0.1' ],
54 silly audit   bytes: [ '3.1.0' ],
54 silly audit   'call-bind': [ '1.0.9' ],
54 silly audit   'call-bind-apply-helpers': [ '1.0.2' ],
54 silly audit   'call-bound': [ '1.0.4' ],
54 silly audit   callsites: [ '3.1.0' ],
54 silly audit   'caniuse-lite': [ '1.0.30001791' ],
54 silly audit   chalk: [ '4.1.2' ],
54 silly audit   'chart.js': [ '4.5.1' ],
54 silly audit   chokidar: [ '4.0.0' ],
54 silly audit   chownr: [ '3.0.0' ],
54 silly audit   'cjs-module-lexer': [ '1.2.3' ],
54 silly audit   'client-only': [ '0.0.1' ],
54 silly audit   clsx: [ '2.1.1' ],
54 silly audit   'code-block-writer': [ '10.1.1' ],
54 silly audit   'color-convert': [ '2.0.1' ],
54 silly audit   'color-name': [ '1.1.4' ],
54 silly audit   'combined-stream': [ '1.0.8' ],
54 silly audit   consola: [ '3.4.2' ],
54 silly audit   'content-type': [ '1.0.4' ],
54 silly audit   'convert-hrtime': [ '3.0.0' ],
54 silly audit   'convert-source-map': [ '2.0.0' ],
54 silly audit   cookie: [ '1.1.1' ],
54 silly audit   'cross-spawn': [ '7.0.6' ],
54 silly audit   csstype: [ '3.2.3' ],
54 silly audit   'd3-array': [ '3.2.4' ],
54 silly audit   'd3-color': [ '3.1.0' ],
54 silly audit   'd3-ease': [ '3.0.1' ],
54 silly audit   'd3-format': [ '3.1.2' ],
54 silly audit   'd3-interpolate': [ '3.0.1' ],
54 silly audit   'd3-path': [ '3.1.0' ],
54 silly audit   'd3-scale': [ '4.0.2' ],
54 silly audit   'd3-shape': [ '3.2.0' ],
54 silly audit   'd3-time': [ '3.1.0' ],
54 silly audit   'd3-time-format': [ '4.1.0' ],
54 silly audit   'd3-timer': [ '3.0.1' ],
54 silly audit   'damerau-levenshtein': [ '1.0.8' ],
54 silly audit   'data-uri-to-buffer': [ '6.0.2' ],
54 silly audit   'data-view-buffer': [ '1.0.2' ],
54 silly audit   'data-view-byte-length': [ '1.0.2' ],
54 silly audit   'data-view-byte-offset': [ '1.0.1' ],
54 silly audit   'decimal.js-light': [ '2.5.1' ],
54 silly audit   'deep-is': [ '0.1.4' ],
54 silly audit   'define-data-property': [ '1.1.4' ],
54 silly audit   'define-properties': [ '1.2.1' ],
54 silly audit   degenerator: [ '5.0.1' ],
54 silly audit   'delayed-stream': [ '1.0.0' ],
54 silly audit   depd: [ '1.1.2' ],
54 silly audit   'detect-libc': [ '2.1.2' ],
54 silly audit   doctrine: [ '2.1.0' ],
54 silly audit   'dunder-proto': [ '1.0.1' ],
54 silly audit   'ecdsa-sig-formatter': [ '1.0.11' ],
54 silly audit   'edge-runtime': [ '2.5.9' ],
54 silly audit   picocolors: [ '1.0.0', '1.1.1' ],
54 silly audit   'electron-to-chromium': [ '1.5.344' ],
54 silly audit   'emoji-regex': [ '9.2.2' ],
54 silly audit   'end-of-stream': [ '1.1.0' ],
54 silly audit   'es-abstract': [ '1.24.2' ],
54 silly audit   'es-define-property': [ '1.0.1' ],
54 silly audit   'es-errors': [ '1.3.0' ],
54 silly audit   'es-iterator-helpers': [ '1.3.2' ],
54 silly audit   'es-object-atoms': [ '1.1.1' ],
54 silly audit   'es-set-tostringtag': [ '2.1.0' ],
54 silly audit   'es-shim-unscopables': [ '1.1.0' ],
54 silly audit   'es-to-primitive': [ '1.3.0' ],
54 silly audit   'es-toolkit': [ '1.46.1' ],
54 silly audit   esbuild: [ '0.27.0' ],
54 silly audit   escalade: [ '3.2.0' ],
54 silly audit   'escape-string-regexp': [ '4.0.0' ],
54 silly audit   escodegen: [ '2.1.0' ],
54 silly audit   eslint: [ '9.39.4' ],
54 silly audit   'eslint-config-next': [ '16.2.4' ],
54 silly audit   'eslint-import-resolver-typescript': [ '3.10.1' ],
54 silly audit   'eslint-plugin-import': [ '2.32.0' ],
54 silly audit   'eslint-plugin-jsx-a11y': [ '6.10.2' ],
54 silly audit   'eslint-plugin-react': [ '7.37.5' ],
54 silly audit   'eslint-import-resolver-node': [ '0.3.10' ],
54 silly audit   'eslint-module-utils': [ '2.12.1' ],
54 silly audit   'eslint-plugin-react-hooks': [ '7.1.1' ],
54 silly audit   'eslint-scope': [ '8.4.0' ],
54 silly audit   espree: [ '10.4.0' ],
54 silly audit   esprima: [ '4.0.1' ],
54 silly audit   esquery: [ '1.7.0' ],
54 silly audit   esrecurse: [ '4.3.0' ],
54 silly audit   estraverse: [ '5.3.0' ],
54 silly audit   'estree-walker': [ '2.0.2' ],
54 silly audit   esutils: [ '2.0.3' ],
54 silly audit   etag: [ '1.8.1' ],
54 silly audit   eventemitter3: [ '5.0.4' ],
54 silly audit   'events-intercept': [ '2.0.0' ],
54 silly audit   'events-universal': [ '1.0.1' ],
54 silly audit   'fast-deep-equal': [ '3.1.3' ],
54 silly audit   'fast-fifo': [ '1.3.2' ],
54 silly audit   'fast-glob': [ '3.3.1' ],
54 silly audit   'glob-parent': [ '5.1.2', '6.0.2' ],
54 silly audit   'fast-levenshtein': [ '2.0.6' ],
54 silly audit   fastq: [ '1.20.1' ],
54 silly audit   'fd-slicer': [ '1.1.0' ],
54 silly audit   'file-entry-cache': [ '8.0.0' ],
54 silly audit   'file-uri-to-path': [ '1.0.0' ],
54 silly audit   'fill-range': [ '7.1.1' ],
54 silly audit   'find-up': [ '5.0.0' ],
54 silly audit   'flat-cache': [ '4.0.1' ],
54 silly audit   flatted: [ '3.4.2' ],
54 silly audit   'for-each': [ '0.3.5' ],
54 silly audit   'form-data': [ '4.0.5' ],
54 silly audit   fsevents: [ '2.3.3' ],
54 silly audit   'function-bind': [ '1.1.2' ],
54 silly audit   'function.prototype.name': [ '1.1.8' ],
54 silly audit   'functions-have-names': [ '1.2.3' ],
54 silly audit   'generator-function': [ '2.0.1' ],
54 silly audit   'generic-pool': [ '3.4.2' ],
54 silly audit   gensync: [ '1.0.0-beta.2' ],
54 silly audit   'get-intrinsic': [ '1.3.0' ],
54 silly audit   'get-proto': [ '1.0.1' ],
54 silly audit   'get-symbol-description': [ '1.1.0' ],
54 silly audit   'get-tsconfig': [ '4.14.0' ],
54 silly audit   'get-uri': [ '6.0.5' ],
54 silly audit   glob: [ '13.0.6' ],
54 silly audit   globalthis: [ '1.0.4' ],
54 silly audit   gopd: [ '1.2.0' ],
54 silly audit   'graceful-fs': [ '4.2.11' ],
54 silly audit   'has-bigints': [ '1.1.0' ],
54 silly audit   'has-flag': [ '4.0.0' ],
54 silly audit   'has-property-descriptors': [ '1.0.2' ],
54 silly audit   'has-proto': [ '1.2.0' ],
54 silly audit   'has-symbols': [ '1.1.0' ],
54 silly audit   'has-tostringtag': [ '1.0.2' ],
54 silly audit   hasown: [ '2.0.3' ],
54 silly audit   'hermes-estree': [ '0.25.1' ],
54 silly audit   'hermes-parser': [ '0.25.1' ],
54 silly audit   'html5-qrcode': [ '2.3.8' ],
54 silly audit   'http-errors': [ '1.7.3' ],
54 silly audit   'http-proxy-agent': [ '7.0.2' ],
54 silly audit   'https-proxy-agent': [ '7.0.6' ],
54 silly audit   'iceberg-js': [ '0.8.1' ],
54 silly audit   'iconv-lite': [ '0.4.24' ],
54 silly audit   'import-fresh': [ '3.3.1' ],
54 silly audit   'resolve-from': [ '4.0.0', '5.0.0' ],
54 silly audit   imurmurhash: [ '0.1.4' ],
54 silly audit   inherits: [ '2.0.4' ],
54 silly audit   'internal-slot': [ '1.1.0' ],
54 silly audit   internmap: [ '2.0.3' ],
54 silly audit   'ip-address': [ '10.1.1' ],
54 silly audit   'is-array-buffer': [ '3.0.5' ],
54 silly audit   'is-async-function': [ '2.1.1' ],
54 silly audit   'is-bigint': [ '1.1.0' ],
54 silly audit   'is-boolean-object': [ '1.2.2' ],
54 silly audit   'is-buffer': [ '2.0.5' ],
54 silly audit   'is-bun-module': [ '2.0.0' ],
54 silly audit   'is-callable': [ '1.2.7' ],
54 silly audit   'is-core-module': [ '2.16.1' ],
54 silly audit   'is-data-view': [ '1.0.2' ],
54 silly audit   'is-date-object': [ '1.1.0' ],
54 silly audit   'is-extglob': [ '2.1.1' ],
54 silly audit   'is-finalizationregistry': [ '1.1.1' ],
54 silly audit   'is-generator-function': [ '1.1.2' ],
54 silly audit   'is-glob': [ '4.0.3' ],
54 silly audit   'is-map': [ '2.0.3' ],
54 silly audit   'is-negative-zero': [ '2.0.3' ],
54 silly audit   'is-node-process': [ '1.2.0' ],
54 silly audit   'is-number': [ '7.0.0' ],
54 silly audit   'is-number-object': [ '1.1.1' ],
54 silly audit   'is-regex': [ '1.2.1' ],
54 silly audit   'is-set': [ '2.0.3' ],
54 silly audit   'is-shared-array-buffer': [ '1.0.4' ],
54 silly audit   'is-stream': [ '2.0.1' ],
54 silly audit   'is-string': [ '1.1.1' ],
54 silly audit   'is-symbol': [ '1.1.1' ],
54 silly audit   'is-typed-array': [ '1.1.15' ],
54 silly audit   'is-weakmap': [ '2.0.2' ],
54 silly audit   'is-weakref': [ '1.1.1' ],
54 silly audit   'is-weakset': [ '2.0.4' ],
54 silly audit   isarray: [ '2.0.5' ],
54 silly audit   isexe: [ '2.0.0' ],
54 silly audit   'iterator.prototype': [ '1.1.5' ],
54 silly audit   jose: [ '5.9.6' ],
54 silly audit   'js-tokens': [ '4.0.0' ],
54 silly audit   jsesc: [ '3.1.0' ],
54 silly audit   'json-buffer': [ '3.0.1' ],
54 silly audit   'json-schema-to-ts': [ '1.6.4' ],
54 silly audit   'json-schema-traverse': [ '0.4.1' ],
54 silly audit   'json-stable-stringify-without-jsonify': [ '1.0.1' ],
54 silly audit   json5: [ '2.2.3', '1.0.2' ],
54 silly audit   jsonfile: [ '6.2.1' ],
54 silly audit   jsonlines: [ '0.1.1' ],
54 silly audit   jsonwebtoken: [ '9.0.3' ],
54 silly audit   'jsx-ast-utils': [ '3.3.5' ],
54 silly audit   jwa: [ '2.0.1' ],
54 silly audit   jws: [ '4.0.1' ],
54 silly audit   keyv: [ '4.5.4' ],
54 silly audit   'language-subtag-registry': [ '0.3.23' ],
54 silly audit   'language-tags': [ '1.0.9' ],
54 silly audit   levn: [ '0.4.1' ],
54 silly audit   'locate-path': [ '6.0.0' ],
54 silly audit   'lodash.includes': [ '4.3.0' ],
54 silly audit   'lodash.isboolean': [ '3.0.3' ],
54 silly audit   'lodash.isinteger': [ '4.0.4' ],
54 silly audit   'lodash.isnumber': [ '3.0.3' ],
54 silly audit   'lodash.isplainobject': [ '4.0.6' ],
54 silly audit   'lodash.isstring': [ '4.0.1' ],
54 silly audit   'lodash.merge': [ '4.6.2' ],
54 silly audit   'lodash.once': [ '4.1.1' ],
54 silly audit   'loose-envify': [ '1.4.0' ],
54 silly audit   'lucide-react': [ '1.11.0' ],
54 silly audit   luxon: [ '3.7.2' ],
54 silly audit   'math-intrinsics': [ '1.1.0' ],
54 silly audit   'merge-stream': [ '2.0.0' ],
54 silly audit   merge2: [ '1.4.1' ],
54 silly audit   micro: [ '9.3.5-canary.3' ],
54 silly audit   micromatch: [ '4.0.8' ],
54 silly audit   'mime-db': [ '1.52.0' ],
54 silly audit   'mime-types': [ '2.1.35' ],
54 silly audit   'mimic-fn': [ '2.1.0' ],
54 silly audit   minimatch: [ '10.2.5' ],
54 silly audit   minimist: [ '1.2.8' ],
54 silly audit   minipass: [ '7.1.3' ],
54 silly audit   minizlib: [ '3.1.0' ],
54 silly audit   mkdirp: [ '1.0.4' ],
54 silly audit   mri: [ '1.2.0' ],
54 silly audit   nanoid: [ '3.3.11' ],
54 silly audit   'napi-postinstall': [ '0.3.4' ],
54 silly audit   'natural-compare': [ '1.4.0' ],
54 silly audit   netmask: [ '2.1.1' ],
54 silly audit   next: [ '16.2.4' ],
54 silly audit   'node-exports-info': [ '1.6.0' ],
54 silly audit   'node-gyp-build': [ '4.8.4' ],
54 silly audit   'node-releases': [ '2.0.38' ],
54 silly audit   nopt: [ '8.1.0' ],
54 silly audit   'npm-run-path': [ '4.0.1' ],
54 silly audit   'object-assign': [ '4.1.1' ],
54 silly audit   'object-inspect': [ '1.13.4' ],
54 silly audit   'object-keys': [ '1.1.1' ],
54 silly audit   'object.assign': [ '4.1.7' ],
54 silly audit   'object.entries': [ '1.1.9' ],
54 silly audit   'object.fromentries': [ '2.0.8' ],
54 silly audit   'object.groupby': [ '1.0.3' ],
54 silly audit   'object.values': [ '1.2.1' ],
54 silly audit   once: [ '1.3.3' ],
54 silly audit   onetime: [ '5.1.2' ],
54 silly audit   optionator: [ '0.9.4' ],
54 silly audit   'os-paths': [ '4.4.0' ],
54 silly audit   'own-keys': [ '1.0.1' ],
54 silly audit   'oxc-transform': [ '0.111.0' ],
54 silly audit   'p-finally': [ '2.0.1' ],
54 silly audit   'p-limit': [ '3.1.0' ],
54 silly audit   'p-locate': [ '5.0.0' ],
54 silly audit   'pac-proxy-agent': [ '7.2.0' ],
54 silly audit   'pac-resolver': [ '7.0.1' ],
54 silly audit   'parent-module': [ '1.0.1' ],
54 silly audit   'parse-ms': [ '2.1.0' ],
54 silly audit   'path-browserify': [ '1.0.1' ],
54 silly audit   'path-exists': [ '4.0.0' ],
54 silly audit   'path-key': [ '3.1.1' ],
54 silly audit   'path-parse': [ '1.0.7' ],
54 silly audit   'path-scurry': [ '2.0.2' ],
54 silly audit   pend: [ '1.2.0' ],
54 silly audit   'possible-typed-array-names': [ '1.1.0' ],
54 silly audit   postcss: [ '8.5.12' ],
54 silly audit   'prelude-ls': [ '1.2.1' ],
54 silly audit   'pretty-ms': [ '7.0.1' ],
54 silly audit   promisepipe: [ '3.0.0' ],
54 silly audit   'prop-types': [ '15.8.1' ],
54 silly audit   'proxy-agent': [ '6.4.0' ],
54 silly audit   'proxy-from-env': [ '1.1.0' ],
54 silly audit   pump: [ '3.0.4' ],
54 silly audit   'qrcode.react': [ '4.2.0' ],
54 silly audit   'queue-microtask': [ '1.2.3' ],
54 silly audit   'raw-body': [ '2.4.1' ],
54 silly audit   react: [ '19.2.5' ],
54 silly audit   'react-dom': [ '19.2.5' ],
54 silly audit   'react-is': [ '16.13.1' ],
54 silly audit   'react-redux': [ '9.2.0' ],
54 silly audit   readdirp: [ '4.1.2' ],
54 silly audit   recharts: [ '3.8.1' ],
54 silly audit   redux: [ '5.0.1' ],
54 silly audit   'redux-thunk': [ '3.1.0' ],
54 silly audit   'reflect.getprototypeof': [ '1.0.10' ],
54 silly audit   'regexp.prototype.flags': [ '1.5.4' ],
54 silly audit   reselect: [ '5.1.1' ],
54 silly audit   resolve: [ '2.0.0-next.6' ],
54 silly audit   'resolve-pkg-maps': [ '1.0.0' ],
54 silly audit   'resolve.exports': [ '2.0.3' ],
54 silly audit   retry: [ '0.13.1' ],
54 silly audit   reusify: [ '1.1.0' ],
54 silly audit   rolldown: [ '1.0.0-rc.1' ],
54 silly audit   'run-parallel': [ '1.2.0' ],
54 silly audit   'safe-array-concat': [ '1.1.4' ],
54 silly audit   'safe-buffer': [ '5.2.1' ],
54 silly audit   'safe-push-apply': [ '1.0.0' ],
54 silly audit   'safe-regex-test': [ '1.1.0' ],
54 silly audit   'safer-buffer': [ '2.1.2' ],
54 silly audit   sandbox: [ '2.5.6' ],
54 silly audit   scheduler: [ '0.27.0' ],
54 silly audit   'set-function-length': [ '1.2.2' ],
54 silly audit   'set-function-name': [ '2.0.2' ],
54 silly audit   'set-proto': [ '1.0.0' ],
54 silly audit   setprototypeof: [ '1.1.1' ],
54 silly audit   sharp: [ '0.34.5' ],
54 silly audit   'shebang-command': [ '2.0.0' ],
54 silly audit   'shebang-regex': [ '3.0.0' ],
54 silly audit   'side-channel': [ '1.1.0' ],
54 silly audit   'side-channel-list': [ '1.0.1' ],
54 silly audit   'side-channel-map': [ '1.0.1' ],
54 silly audit   'side-channel-weakmap': [ '1.0.2' ],
54 silly audit   'smart-buffer': [ '4.2.0' ],
54 silly audit   'smol-toml': [ '1.6.1' ],
54 silly audit   socks: [ '2.8.8' ],
54 silly audit   'socks-proxy-agent': [ '8.0.5' ],
54 silly audit   'source-map': [ '0.6.1' ],
54 silly audit   'source-map-js': [ '1.2.1' ],
54 silly audit   'sprintf-js': [ '1.0.3' ],
54 silly audit   srvx: [ '0.11.15' ],
54 silly audit   'stable-hash': [ '0.0.5' ],
54 silly audit   'stat-mode': [ '0.3.0' ],
54 silly audit   statuses: [ '1.5.0' ],
54 silly audit   'stop-iteration-iterator': [ '1.1.0' ],
54 silly audit   'stream-to-array': [ '2.3.0' ],
54 silly audit   'stream-to-promise': [ '2.2.0' ],
54 silly audit   streamx: [ '2.25.0' ],
54 silly audit   'string.prototype.includes': [ '2.0.1' ],
54 silly audit   'string.prototype.matchall': [ '4.0.12' ],
54 silly audit   'string.prototype.repeat': [ '1.0.0' ],
54 silly audit   'string.prototype.trim': [ '1.2.10' ],
54 silly audit   'string.prototype.trimend': [ '1.0.9' ],
54 silly audit   'string.prototype.trimstart': [ '1.0.8' ],
54 silly audit   'strip-bom': [ '3.0.0' ],
54 silly audit   'strip-final-newline': [ '2.0.0' ],
54 silly audit   'strip-json-comments': [ '3.1.1' ],
54 silly audit   'styled-jsx': [ '5.1.6' ],
54 silly audit   'supports-color': [ '7.2.0' ],
54 silly audit   'supports-preserve-symlinks-flag': [ '1.0.0' ],
54 silly audit   tar: [ '7.5.13' ],
54 silly audit   'tar-stream': [ '3.1.7' ],
54 silly audit   'text-decoder': [ '1.2.7' ],
54 silly audit   throttleit: [ '2.1.0' ],
54 silly audit   'time-span': [ '4.0.0' ],
54 silly audit   'tiny-invariant': [ '1.3.3' ],
54 silly audit   tinyexec: [ '0.3.2' ],
54 silly audit   tinyglobby: [ '0.2.16' ],
54 silly audit   fdir: [ '6.5.0' ],
54 silly audit   'to-regex-range': [ '5.0.1' ],
54 silly audit   toidentifier: [ '1.0.0' ],
54 silly audit   tr46: [ '0.0.3' ],
54 silly audit   'tree-kill': [ '1.2.2' ],
54 silly audit   'ts-api-utils': [ '2.5.0' ],
54 silly audit   'ts-morph': [ '12.0.0' ],
54 silly audit   'ts-toolbelt': [ '6.15.5' ],
54 silly audit   'tsconfig-paths': [ '3.15.0' ],
54 silly audit   tslib: [ '2.8.1' ],
54 silly audit   tsx: [ '4.21.0' ],
54 silly audit   'type-check': [ '0.4.0' ],
54 silly audit   'typed-array-buffer': [ '1.0.3' ],
54 silly audit   'typed-array-byte-length': [ '1.0.3' ],
54 silly audit   'typed-array-byte-offset': [ '1.0.4' ],
54 silly audit   'typed-array-length': [ '1.0.7' ],
54 silly audit   'typescript-eslint': [ '8.59.1' ],
54 silly audit   'uid-promise': [ '1.0.0' ],
54 silly audit   'unbox-primitive': [ '1.1.0' ],
54 silly audit   universalify: [ '2.0.1' ],
54 silly audit   unpipe: [ '1.0.0' ],
54 silly audit   'unrs-resolver': [ '1.11.1' ],
54 silly audit   'update-browserslist-db': [ '1.2.3' ],
54 silly audit   'use-sync-external-store': [ '1.6.0' ],
54 silly audit   uuid: [ '14.0.0' ],
54 silly audit   vercel: [ '52.0.0' ],
54 silly audit   'victory-vendor': [ '37.3.6' ],
54 silly audit   'web-vitals': [ '0.2.4' ],
54 silly audit   'webidl-conversions': [ '3.0.1' ],
54 silly audit   'whatwg-url': [ '5.0.0' ],
54 silly audit   which: [ '2.0.2' ],
54 silly audit   'which-boxed-primitive': [ '1.1.1' ],
54 silly audit   'which-builtin-type': [ '1.2.1' ],
54 silly audit   'which-collection': [ '1.0.2' ],
54 silly audit   'which-typed-array': [ '1.1.20' ],
54 silly audit   'word-wrap': [ '1.2.5' ],
54 silly audit   wrappy: [ '1.0.2' ],
54 silly audit   ws: [ '8.20.0' ],
54 silly audit   'xdg-app-paths': [ '5.1.0' ],
54 silly audit   'xdg-portable': [ '7.3.0' ],
54 silly audit   yauzl: [ '2.10.0' ],
54 silly audit   'yauzl-clone': [ '1.0.4' ],
54 silly audit   'yauzl-promise': [ '2.1.3' ],
54 silly audit   'yocto-queue': [ '0.1.0' ],
54 silly audit   'zod-validation-error': [ '4.0.2' ],
54 silly audit   'fast-json-stable-stringify': [ '2.1.0' ],
54 silly audit   'uri-js': [ '4.4.1' ],
54 silly audit   punycode: [ '2.3.1' ]
54 silly audit }
55 http cache uri-js@https://registry.npmjs.org/uri-js/-/uri-js-4.4.1.tgz 0ms (cache hit)
56 http cache punycode@https://registry.npmjs.org/punycode/-/punycode-2.3.1.tgz 0ms (cache hit)
57 http cache fast-json-stable-stringify@https://registry.npmjs.org/fast-json-stable-stringify/-/fast-json-stable-stringify-2.1.0.tgz 0ms (cache hit)
58 http cache json-schema-traverse@https://registry.npmjs.org/json-schema-traverse/-/json-schema-traverse-0.4.1.tgz 0ms (cache hit)
59 http cache ajv@https://registry.npmjs.org/ajv/-/ajv-6.15.0.tgz 0ms (cache hit)
60 http cache json-schema-traverse@https://registry.npmjs.org/json-schema-traverse/-/json-schema-traverse-0.4.1.tgz 0ms (cache hit)
61 http cache ajv@https://registry.npmjs.org/ajv/-/ajv-6.15.0.tgz 0ms (cache hit)
62 silly tarball no local data for uri-js@https://registry.npmjs.org/uri-js/-/uri-js-4.4.1.tgz. Extracting by manifest.
63 http cache json-schema-traverse@https://registry.npmjs.org/json-schema-traverse/-/json-schema-traverse-0.4.1.tgz 0ms (cache hit)
64 silly tarball no local data for punycode@https://registry.npmjs.org/punycode/-/punycode-2.3.1.tgz. Extracting by manifest.
65 http cache ajv@https://registry.npmjs.org/ajv/-/ajv-6.15.0.tgz 1ms (cache hit)
66 silly tarball no local data for fast-json-stable-stringify@https://registry.npmjs.org/fast-json-stable-stringify/-/fast-json-stable-stringify-2.1.0.tgz. Extracting by manifest.
67 silly tarball no local data for json-schema-traverse@https://registry.npmjs.org/json-schema-traverse/-/json-schema-traverse-0.4.1.tgz. Extracting by manifest.
68 silly tarball no local data for ajv@https://registry.npmjs.org/ajv/-/ajv-6.15.0.tgz. Extracting by manifest.
69 silly tarball no local data for json-schema-traverse@https://registry.npmjs.org/json-schema-traverse/-/json-schema-traverse-0.4.1.tgz. Extracting by manifest.
70 silly tarball no local data for ajv@https://registry.npmjs.org/ajv/-/ajv-6.15.0.tgz. Extracting by manifest.
71 silly tarball no local data for json-schema-traverse@https://registry.npmjs.org/json-schema-traverse/-/json-schema-traverse-0.4.1.tgz. Extracting by manifest.
72 silly tarball no local data for ajv@https://registry.npmjs.org/ajv/-/ajv-6.15.0.tgz. Extracting by manifest.
73 http fetch GET 200 https://registry.npmjs.org/punycode/-/punycode-2.3.1.tgz 94ms (cache miss)
74 http fetch GET 200 https://registry.npmjs.org/json-schema-traverse/-/json-schema-traverse-0.4.1.tgz 191ms (cache miss)
75 http fetch GET 200 https://registry.npmjs.org/json-schema-traverse/-/json-schema-traverse-0.4.1.tgz 194ms (cache miss)
76 http fetch GET 200 https://registry.npmjs.org/json-schema-traverse/-/json-schema-traverse-0.4.1.tgz 195ms (cache miss)
77 http fetch GET 200 https://registry.npmjs.org/fast-json-stable-stringify/-/fast-json-stable-stringify-2.1.0.tgz 216ms (cache miss)
78 http fetch POST 200 https://registry.npmjs.org/-/npm/v1/security/advisories/bulk 297ms
79 silly audit report {}
80 http fetch GET 200 https://registry.npmjs.org/uri-js/-/uri-js-4.4.1.tgz 501ms (cache miss)
81 http fetch GET 200 https://registry.npmjs.org/ajv/-/ajv-6.15.0.tgz 774ms (cache miss)
82 http fetch GET 200 https://registry.npmjs.org/ajv/-/ajv-6.15.0.tgz 847ms (cache miss)
83 http fetch GET 200 https://registry.npmjs.org/ajv/-/ajv-6.15.0.tgz 845ms (cache miss)
84 silly ADD node_modules/punycode
85 silly ADD node_modules/uri-js
86 silly ADD node_modules/fast-json-stable-stringify
87 silly REMOVE node_modules/require-from-string
88 silly REMOVE node_modules/json-schema-traverse
89 silly REMOVE node_modules/fast-uri
90 silly ADD node_modules/eslint/node_modules/json-schema-traverse
91 silly ADD node_modules/eslint/node_modules/ajv
92 silly REMOVE node_modules/ajv
93 silly ADD node_modules/@vercel/static-config/node_modules/json-schema-traverse
94 silly ADD node_modules/@vercel/static-config/node_modules/ajv
95 silly ADD node_modules/@eslint/eslintrc/node_modules/json-schema-traverse
96 silly ADD node_modules/@eslint/eslintrc/node_modules/ajv
97 verbose cwd C:\Users\tecbu\Downloads\SCHOOL1\SCHOOL
98 verbose os Windows_NT 10.0.26100
99 verbose node v24.14.1
100 verbose npm  v11.11.0
101 notice
101 notice New minor version of npm available! 11.11.0 -> 11.13.0
101 notice Changelog: https://github.com/npm/cli/releases/tag/v11.13.0
101 notice To update run: npm install -g npm@11.13.0
101 notice  { force: true, Symbol(proc-log.meta): true }
102 verbose exit 0
103 info ok
